Using pre-set license
Built from '2020.2/release' branch; Version is '2020.2.2f1 (068178b99f32) revision 426360'; Using compiler version '192528614'; Build Type 'Release'
OS: 'Windows 10 Home Single Language; OS build 19042.867; Version 2009; 64bit' Language: 'en' Physical Memory: 8074 MB
BatchMode: 1, IsHumanControllingUs: 0, StartBugReporterOnCrash: 0, Is64bit: 1, IsPro: 0

 COMMAND LINE ARGUMENTS:
C:\Program Files\Unity\2020.2.2f1\Editor\Unity.exe
-adb2
-batchMode
-noUpm
-name
AssetImportWorker0
-projectPath
F:/Unity/MarioKiemTra2
-logFile
Logs/AssetImportWorker0.log
-srvPort
55457
Successfully changed project path to: F:/Unity/MarioKiemTra2
F:/Unity/MarioKiemTra2
Using Asset Import Pipeline V2.
Refreshing native plugins compatible for Editor in 130.98 ms, found 1 plugins.
Preloading 0 native plugins for Editor in 0.00 ms.
Initialize engine version: 2020.2.2f1 (068178b99f32)
[Subsystems] Discovering subsystems at path C:/Program Files/Unity/2020.2.2f1/Editor/Data/Resources/UnitySubsystems
[Subsystems] Discovering subsystems at path F:/Unity/MarioKiemTra2/Assets
GfxDevice: creating device client; threaded=0
Direct3D:
    Version:  Direct3D 11.0 [level 11.1]
    Renderer: Intel(R) UHD Graphics 620 (ID=0x5917)
    Vendor:   
    VRAM:     4037 MB
    Driver:   27.20.100.9168
Initialize mono
Mono path[0] = 'C:/Program Files/Unity/2020.2.2f1/Editor/Data/Managed'
Mono path[1] = 'C:/Program Files/Unity/2020.2.2f1/Editor/Data/MonoBleedingEdge/lib/mono/unityjit'
Mono config path = 'C:/Program Files/Unity/2020.2.2f1/Editor/Data/MonoBleedingEdge/etc'
Using monoOptions --debugger-agent=transport=dt_socket,embedding=1,server=y,suspend=n,address=127.0.0.1:56388
Begin MonoManager ReloadAssembly
Registering precompiled unity dll's ...
Register platform support module: C:/Program Files/Unity/2020.2.2f1/Editor/Data/PlaybackEngines/WindowsStandaloneSupport/UnityEditor.WindowsStandalone.Extensions.dll
Registered in 0.005091 seconds.
Native extension for WindowsStandalone target not found
Refreshing native plugins compatible for Editor in 101.89 ms, found 1 plugins.
Preloading 0 native plugins for Editor in 0.00 ms.
Invoked RoslynAnalysisRunner static constructor.
RoslynAnalysisRunner will not be running.
RoslynAnalysisRunner has terminated.
Mono: successfully reloaded assembly
- Completed reload, in  2.962 seconds
Platform modules already initialized, skipping
Registering precompiled user dll's ...
Registered in 0.001507 seconds.
Begin MonoManager ReloadAssembly
Native extension for WindowsStandalone target not found
Refreshing native plugins compatible for Editor in 55.08 ms, found 1 plugins.
Preloading 0 native plugins for Editor in 0.00 ms.
Invoked RoslynAnalysisRunner static constructor.
RoslynAnalysisRunner will not be running.
RoslynAnalysisRunner has terminated.
Mono: successfully reloaded assembly
- Completed reload, in  1.795 seconds
Platform modules already initialized, skipping
========================================================================
Worker process is ready to serve import requests
Launched and connected shader compiler UnityShaderCompiler.exe after 0.07 seconds
Refreshing native plugins compatible for Editor in 0.53 ms, found 1 plugins.
Preloading 0 native plugins for Editor in 0.00 ms.
Unloading 1776 Unused Serialized files (Serialized files now loaded: 0)
System memory in use before: 83.9 MB.
System memory in use after: 83.9 MB.

Unloading 19 unused Assets to reduce memory usage. Loaded Objects now: 2224.
Total: 3.237400 ms (FindLiveObjects: 0.297400 ms CreateObjectMapping: 0.142600 ms MarkObjects: 2.698000 ms  DeleteObjects: 0.097900 ms)

========================================================================
Received Import Request.
  path: Assets/Prefabs/Prefabs/GrassMid.prefab
  artifactKey: Guid(f6d2137d480e733419a83db7fa2c1e21) Importer(815301076,1909f56bfc062723c751e8b465ee728b)
Start importing Assets/Prefabs/Prefabs/GrassMid.prefab using Guid(f6d2137d480e733419a83db7fa2c1e21) Importer(815301076,1909f56bfc062723c751e8b465ee728b)  -> (artifact id: '321c1c18e57f8d9c8e0e9e38b0077570') in 0.167174 seconds
  Import took 0.173987 seconds .

========================================================================
Received Import Request.
  Time since last request: 0.000425 seconds.
  path: Assets/Prefabs/Prefabs
  artifactKey: Guid(4d726a36b02d6c34a82d82e7843ad822) Importer(815301076,1909f56bfc062723c751e8b465ee728b)
Start importing Assets/Prefabs/Prefabs using Guid(4d726a36b02d6c34a82d82e7843ad822) Importer(815301076,1909f56bfc062723c751e8b465ee728b)  -> (artifact id: '5eee928c3ee0b2062d7b4f31b6fd1f52') in 0.011857 seconds
  Import took 0.016685 seconds .

========================================================================
Received Import Request.
  Time since last request: 0.000339 seconds.
  path: Assets/Prefabs/Prefabs/tiles_575.prefab
  artifactKey: Guid(c3d7b4ca7b371b4408c71129e41b37bf) Importer(815301076,1909f56bfc062723c751e8b465ee728b)
Start importing Assets/Prefabs/Prefabs/tiles_575.prefab using Guid(c3d7b4ca7b371b4408c71129e41b37bf) Importer(815301076,1909f56bfc062723c751e8b465ee728b)  -> (artifact id: 'f7431055d58a3e02d82e07d000563aa0') in 0.130134 seconds
  Import took 0.138037 seconds .

========================================================================
Received Import Request.
  Time since last request: 0.000663 seconds.
  path: Assets/Prefabs/Prefabs/player.prefab
  artifactKey: Guid(e1cdfec37af000e44b8880c8d865d8b2) Importer(815301076,1909f56bfc062723c751e8b465ee728b)
Start importing Assets/Prefabs/Prefabs/player.prefab using Guid(e1cdfec37af000e44b8880c8d865d8b2) Importer(815301076,1909f56bfc062723c751e8b465ee728b)  -> (artifact id: '501fdd1356a1fb51961f665225093947') in 0.058062 seconds
  Import took 0.067900 seconds .

========================================================================
Received Import Request.
  Time since last request: 0.000537 seconds.
  path: Assets/Prefabs/Prefabs/Column.prefab
  artifactKey: Guid(45422ff47c725c3479e63b7f2da52ed1) Importer(815301076,1909f56bfc062723c751e8b465ee728b)
Start importing Assets/Prefabs/Prefabs/Column.prefab using Guid(45422ff47c725c3479e63b7f2da52ed1) Importer(815301076,1909f56bfc062723c751e8b465ee728b)  -> (artifact id: '791a41bfc3967a8554af26d80f7c097b') in 0.019224 seconds
  Import took 0.028257 seconds .

========================================================================
Received Import Request.
  Time since last request: 0.000515 seconds.
  path: Assets/Prefabs/Prefabs/Group Solid Brick.prefab
  artifactKey: Guid(355aa3128f3ed494a8f332744ff687a6) Importer(815301076,1909f56bfc062723c751e8b465ee728b)
Start importing Assets/Prefabs/Prefabs/Group Solid Brick.prefab using Guid(355aa3128f3ed494a8f332744ff687a6) Importer(815301076,1909f56bfc062723c751e8b465ee728b)  -> (artifact id: 'bfbb8317a87f998a74123cde2d4b06da') in 0.070412 seconds
  Import took 0.076259 seconds .

========================================================================
Received Import Request.
  Time since last request: 0.000393 seconds.
  path: Assets/Prefabs/Prefabs/gomba1.prefab
  artifactKey: Guid(5aae9d3e4923e274fa986f96dfc6efb1) Importer(815301076,1909f56bfc062723c751e8b465ee728b)
Start importing Assets/Prefabs/Prefabs/gomba1.prefab using Guid(5aae9d3e4923e274fa986f96dfc6efb1) Importer(815301076,1909f56bfc062723c751e8b465ee728b)  -> (artifact id: 'f88a70e71eb274add38226f4915f33f8') in 0.028439 seconds
  Import took 0.036917 seconds .

========================================================================
Received Import Request.
  Time since last request: 0.000402 seconds.
  path: Assets/Prefabs/Prefabs/GrassMid_3.prefab
  artifactKey: Guid(4ab5265aa0604c74580306347453da89) Importer(815301076,1909f56bfc062723c751e8b465ee728b)
Start importing Assets/Prefabs/Prefabs/GrassMid_3.prefab using Guid(4ab5265aa0604c74580306347453da89) Importer(815301076,1909f56bfc062723c751e8b465ee728b)  -> (artifact id: '02cdd48c69ec98a1d31805431feae345') in 0.014840 seconds
  Import took 0.022316 seconds .

========================================================================
Received Import Request.
  Time since last request: 0.000661 seconds.
  path: Assets/Prefabs/Prefabs/GrassLeft.prefab
  artifactKey: Guid(f3540e1d3546a3a48a705e6282b6ca9e) Importer(815301076,1909f56bfc062723c751e8b465ee728b)
Start importing Assets/Prefabs/Prefabs/GrassLeft.prefab using Guid(f3540e1d3546a3a48a705e6282b6ca9e) Importer(815301076,1909f56bfc062723c751e8b465ee728b)  -> (artifact id: '2e8b91627296a5b0272a52f47722713c') in 0.016621 seconds
  Import took 0.025083 seconds .

========================================================================
Received Import Request.
  Time since last request: 0.000411 seconds.
  path: Assets/Prefabs/Prefabs/background_cloud_bottom_right.prefab
  artifactKey: Guid(baf34ec4f08610c45a7d59bc8334bb24) Importer(815301076,1909f56bfc062723c751e8b465ee728b)
Start importing Assets/Prefabs/Prefabs/background_cloud_bottom_right.prefab using Guid(baf34ec4f08610c45a7d59bc8334bb24) Importer(815301076,1909f56bfc062723c751e8b465ee728b)  -> (artifact id: 'a0b06f190a4b17d38cf42c9179cc5932') in 0.028628 seconds
  Import took 0.036333 seconds .

========================================================================
Received Import Request.
  Time since last request: 0.000363 seconds.
  path: Assets/Prefabs/Prefabs/brick2.prefab
  artifactKey: Guid(9d9dec93028f02b4281cb422263cc5a7) Importer(815301076,1909f56bfc062723c751e8b465ee728b)
Start importing Assets/Prefabs/Prefabs/brick2.prefab using Guid(9d9dec93028f02b4281cb422263cc5a7) Importer(815301076,1909f56bfc062723c751e8b465ee728b)  -> (artifact id: 'b0cc8828632311fbc207acee2f68be55') in 0.031651 seconds
  Import took 0.040384 seconds .

========================================================================
Received Import Request.
  Time since last request: 0.000481 seconds.
  path: Assets/Prefabs/Prefabs/column_2.prefab
  artifactKey: Guid(a9b16b012ea8b2644a48a28966501666) Importer(815301076,1909f56bfc062723c751e8b465ee728b)
Start importing Assets/Prefabs/Prefabs/column_2.prefab using Guid(a9b16b012ea8b2644a48a28966501666) Importer(815301076,1909f56bfc062723c751e8b465ee728b)  -> (artifact id: 'f224de75f38e2d2544356549a39e5602') in 0.016926 seconds
  Import took 0.025825 seconds .

========================================================================
Received Import Request.
  Time since last request: 0.000506 seconds.
  path: Assets/Prefabs/Prefabs/GrassRight.prefab
  artifactKey: Guid(7cfc3c36ed9e886479b110883460ebd4) Importer(815301076,1909f56bfc062723c751e8b465ee728b)
Start importing Assets/Prefabs/Prefabs/GrassRight.prefab using Guid(7cfc3c36ed9e886479b110883460ebd4) Importer(815301076,1909f56bfc062723c751e8b465ee728b)  -> (artifact id: 'b22ee3d721631b2d7fd876232469ce16') in 0.013000 seconds
  Import took 0.021160 seconds .

========================================================================
Received Import Request.
  Time since last request: 0.000372 seconds.
  path: Assets/Prefabs/Prefabs/Castle.prefab
  artifactKey: Guid(69277f7fcd7404b4183f31c345d1b6f1) Importer(815301076,1909f56bfc062723c751e8b465ee728b)
Start importing Assets/Prefabs/Prefabs/Castle.prefab using Guid(69277f7fcd7404b4183f31c345d1b6f1) Importer(815301076,1909f56bfc062723c751e8b465ee728b)  -> (artifact id: '9d02d9a1ee5f3954f7ca53455454a0b9') in 0.021470 seconds
  Import took 0.025952 seconds .

========================================================================
Received Import Request.
  Time since last request: 0.000418 seconds.
  path: Assets/Prefabs/Prefabs/tiles_77.prefab
  artifactKey: Guid(7932853dbc5501d46b603435debdfe0b) Importer(815301076,1909f56bfc062723c751e8b465ee728b)
Start importing Assets/Prefabs/Prefabs/tiles_77.prefab using Guid(7932853dbc5501d46b603435debdfe0b) Importer(815301076,1909f56bfc062723c751e8b465ee728b)  -> (artifact id: 'd9b9675bb38cc13e89ce9b79cf32198e') in 0.023186 seconds
  Import took 0.028407 seconds .

========================================================================
Received Import Request.
  Time since last request: 0.000331 seconds.
  path: Assets/Prefabs/Prefabs/brick1.prefab
  artifactKey: Guid(5c6fb707715747f40908da996323f9d9) Importer(815301076,1909f56bfc062723c751e8b465ee728b)
Start importing Assets/Prefabs/Prefabs/brick1.prefab using Guid(5c6fb707715747f40908da996323f9d9) Importer(815301076,1909f56bfc062723c751e8b465ee728b)  -> (artifact id: 'd73bbe8641ec7b7f6fc3e626447bc4ca') in 0.023836 seconds
  Import took 0.030033 seconds .

========================================================================
Received Import Request.
  Time since last request: 0.000351 seconds.
  path: Assets/Prefabs/Prefabs/Coin.prefab
  artifactKey: Guid(57c4bf3ff07e0ce4f911a897edcf3640) Importer(815301076,1909f56bfc062723c751e8b465ee728b)
Start importing Assets/Prefabs/Prefabs/Coin.prefab using Guid(57c4bf3ff07e0ce4f911a897edcf3640) Importer(815301076,1909f56bfc062723c751e8b465ee728b)  -> (artifact id: 'd8c5a2182401d1cf816836b3ab0e6ccc') in 0.037550 seconds
  Import took 0.044062 seconds .

========================================================================
Received Import Request.
  Time since last request: 0.000459 seconds.
  path: Assets/Prefabs/Prefabs/tiles_585.prefab
  artifactKey: Guid(c5430f29e0a10a643af82212b3da67d4) Importer(815301076,1909f56bfc062723c751e8b465ee728b)
Start importing Assets/Prefabs/Prefabs/tiles_585.prefab using Guid(c5430f29e0a10a643af82212b3da67d4) Importer(815301076,1909f56bfc062723c751e8b465ee728b)  -> (artifact id: '038299757074eb471170694a60d04771') in 0.020569 seconds
  Import took 0.025271 seconds .

========================================================================
Received Import Request.
  Time since last request: 98.643396 seconds.
  path: Assets/Scenes/Scenes/PlayGame.unity
  artifactKey: Guid(da602ddb8d445b34fa15449d9c8c09f0) Importer(815301076,1909f56bfc062723c751e8b465ee728b)
Start importing Assets/Scenes/Scenes/PlayGame.unity using Guid(da602ddb8d445b34fa15449d9c8c09f0) Importer(815301076,1909f56bfc062723c751e8b465ee728b)  -> (artifact id: '566180953b51fb26f28d96b49b57eb67') in 0.004536 seconds
  Import took 0.011792 seconds .

========================================================================
Received Import Request.
  Time since last request: 22.210454 seconds.
  path: Assets/Scenes/Scenes/MainMenu.unity
  artifactKey: Guid(42d707397cfb8e34baeede661b44e9b7) Importer(815301076,1909f56bfc062723c751e8b465ee728b)
Start importing Assets/Scenes/Scenes/MainMenu.unity using Guid(42d707397cfb8e34baeede661b44e9b7) Importer(815301076,1909f56bfc062723c751e8b465ee728b)  -> (artifact id: '81991b2741afc0c013d76c98981ed195') in 0.006120 seconds
  Import took 0.016320 seconds .

========================================================================
Received Import Request.
  Time since last request: 11.690897 seconds.
  path: Assets/Scenes/PlayGame.unity
  artifactKey: Guid(1e39d8711d89b404d92d10aa60fece84) Importer(815301076,1909f56bfc062723c751e8b465ee728b)
Start importing Assets/Scenes/PlayGame.unity using Guid(1e39d8711d89b404d92d10aa60fece84) Importer(815301076,1909f56bfc062723c751e8b465ee728b)  -> (artifact id: '760614919ae80d8a2d46d561ba96d6ff') in 0.004266 seconds
  Import took 0.010772 seconds .

AssetImportWorkerClient::OnTransportError - code=2 error=End of file
