Using pre-set license
Built from '2020.2/release' branch; Version is '2020.2.2f1 (068178b99f32) revision 426360'; Using compiler version '192528614'; Build Type 'Release'
OS: 'Windows 10 Home Single Language; OS build 19042.867; Version 2009; 64bit' Language: 'en' Physical Memory: 8074 MB
BatchMode: 1, IsHumanControllingUs: 0, StartBugReporterOnCrash: 0, Is64bit: 1, IsPro: 0

 COMMAND LINE ARGUMENTS:
C:\Program Files\Unity\2020.2.2f1\Editor\Unity.exe
-adb2
-batchMode
-noUpm
-name
AssetImportWorker0
-projectPath
F:/Unity/UNITY
-logFile
Logs/AssetImportWorker0.log
-srvPort
54187
Successfully changed project path to: F:/Unity/UNITY
F:/Unity/UNITY
Using Asset Import Pipeline V2.
Refreshing native plugins compatible for Editor in 92.33 ms, found 1 plugins.
Preloading 0 native plugins for Editor in 0.00 ms.
Initialize engine version: 2020.2.2f1 (068178b99f32)
[Subsystems] Discovering subsystems at path C:/Program Files/Unity/2020.2.2f1/Editor/Data/Resources/UnitySubsystems
[Subsystems] Discovering subsystems at path F:/Unity/UNITY/Assets
GfxDevice: creating device client; threaded=0
Direct3D:
    Version:  Direct3D 11.0 [level 11.1]
    Renderer: Intel(R) UHD Graphics 620 (ID=0x5917)
    Vendor:   
    VRAM:     4037 MB
    Driver:   27.20.100.9168
Initialize mono
Mono path[0] = 'C:/Program Files/Unity/2020.2.2f1/Editor/Data/Managed'
Mono path[1] = 'C:/Program Files/Unity/2020.2.2f1/Editor/Data/MonoBleedingEdge/lib/mono/unityjit'
Mono config path = 'C:/Program Files/Unity/2020.2.2f1/Editor/Data/MonoBleedingEdge/etc'
Using monoOptions --debugger-agent=transport=dt_socket,embedding=1,server=y,suspend=n,address=127.0.0.1:56796
Begin MonoManager ReloadAssembly
Registering precompiled unity dll's ...
Register platform support module: C:/Program Files/Unity/2020.2.2f1/Editor/Data/PlaybackEngines/WindowsStandaloneSupport/UnityEditor.WindowsStandalone.Extensions.dll
Registered in 0.004824 seconds.
Native extension for WindowsStandalone target not found
Refreshing native plugins compatible for Editor in 90.78 ms, found 1 plugins.
Preloading 0 native plugins for Editor in 0.00 ms.
Invoked RoslynAnalysisRunner static constructor.
RoslynAnalysisRunner will not be running.
RoslynAnalysisRunner has terminated.
Mono: successfully reloaded assembly
- Completed reload, in  3.016 seconds
Platform modules already initialized, skipping
Registering precompiled user dll's ...
Registered in 0.001767 seconds.
Begin MonoManager ReloadAssembly
Native extension for WindowsStandalone target not found
Refreshing native plugins compatible for Editor in 93.05 ms, found 1 plugins.
Preloading 0 native plugins for Editor in 0.00 ms.
Invoked RoslynAnalysisRunner static constructor.
RoslynAnalysisRunner will not be running.
RoslynAnalysisRunner has terminated.
Mono: successfully reloaded assembly
- Completed reload, in  2.484 seconds
Platform modules already initialized, skipping
========================================================================
Worker process is ready to serve import requests
Launched and connected shader compiler UnityShaderCompiler.exe after 0.09 seconds
Refreshing native plugins compatible for Editor in 0.73 ms, found 1 plugins.
Preloading 0 native plugins for Editor in 0.00 ms.
Unloading 1776 Unused Serialized files (Serialized files now loaded: 0)
System memory in use before: 83.9 MB.
System memory in use after: 84.0 MB.

Unloading 19 unused Assets to reduce memory usage. Loaded Objects now: 2224.
Total: 4.651100 ms (FindLiveObjects: 0.448900 ms CreateObjectMapping: 0.203200 ms MarkObjects: 3.849700 ms  DeleteObjects: 0.146700 ms)

========================================================================
Received Import Request.
  path: Assets/Prefabs/Scenery/Coin.prefab
  artifactKey: Guid(df5f6d4421534ff4a97076c3c2c283e6) Importer(815301076,1909f56bfc062723c751e8b465ee728b)
Start importing Assets/Prefabs/Scenery/Coin.prefab using Guid(df5f6d4421534ff4a97076c3c2c283e6) Importer(815301076,1909f56bfc062723c751e8b465ee728b)  -> (artifact id: '0ee2ab560b240e2bfecb19eab5718131') in 0.290370 seconds
  Import took 0.296423 seconds .

========================================================================
Received Import Request.
  Time since last request: 0.000471 seconds.
  path: Assets/Sprite/mario.png
  artifactKey: Guid(96bf37e027a12495cb0316eba30eb648) Importer(815301076,1909f56bfc062723c751e8b465ee728b)
Start importing Assets/Sprite/mario.png using Guid(96bf37e027a12495cb0316eba30eb648) Importer(815301076,1909f56bfc062723c751e8b465ee728b)  -> (artifact id: '4f8a416539ebcc51c6b1cc4d57181561') in 0.142049 seconds
  Import took 0.146635 seconds .

========================================================================
Received Import Request.
  Time since last request: 0.000383 seconds.
  path: Assets/Sprite/gomba2.png
  artifactKey: Guid(1f0184d3d7ab8453a94cdd3e862d5d5d) Importer(815301076,1909f56bfc062723c751e8b465ee728b)
Start importing Assets/Sprite/gomba2.png using Guid(1f0184d3d7ab8453a94cdd3e862d5d5d) Importer(815301076,1909f56bfc062723c751e8b465ee728b)  -> (artifact id: 'ef52b04e4e3d1d078b4943003d26fc1b') in 0.029054 seconds
  Import took 0.033808 seconds .

========================================================================
Received Import Request.
  Time since last request: 0.000372 seconds.
  path: Assets/Sprite/Coins.png
  artifactKey: Guid(d7adb66f525663d4097f7005df53c8ec) Importer(815301076,1909f56bfc062723c751e8b465ee728b)
Start importing Assets/Sprite/Coins.png using Guid(d7adb66f525663d4097f7005df53c8ec) Importer(815301076,1909f56bfc062723c751e8b465ee728b)  -> (artifact id: '77764745f319081b633915412a8880b9') in 0.023993 seconds
  Import took 0.029010 seconds .

========================================================================
Received Import Request.
  Time since last request: 0.000355 seconds.
  path: Assets/Sprite/enemies.png
  artifactKey: Guid(302999b04435e994080a0054d8b70726) Importer(815301076,1909f56bfc062723c751e8b465ee728b)
Start importing Assets/Sprite/enemies.png using Guid(302999b04435e994080a0054d8b70726) Importer(815301076,1909f56bfc062723c751e8b465ee728b)  -> (artifact id: '4bfed1a14fa5d9409b2d156e59de513f') in 0.458093 seconds
  Import took 0.465006 seconds .

========================================================================
Received Import Request.
  Time since last request: 0.000516 seconds.
  path: Assets/Sprite/items.png
  artifactKey: Guid(cbe738a6b31804fbfa01d65f850d595b) Importer(815301076,1909f56bfc062723c751e8b465ee728b)
Start importing Assets/Sprite/items.png using Guid(cbe738a6b31804fbfa01d65f850d595b) Importer(815301076,1909f56bfc062723c751e8b465ee728b)  -> (artifact id: 'f766b79a44893a4dcf2d0d8689abf30d') in 1.489017 seconds
  Import took 1.500062 seconds .

========================================================================
Received Import Request.
  Time since last request: 0.000685 seconds.
  path: Assets/Sprite/mario 1.png
  artifactKey: Guid(c74c35c35728fc54c8fabe713c2322d9) Importer(815301076,1909f56bfc062723c751e8b465ee728b)
Start importing Assets/Sprite/mario 1.png using Guid(c74c35c35728fc54c8fabe713c2322d9) Importer(815301076,1909f56bfc062723c751e8b465ee728b)  -> (artifact id: 'eb7cd60767b371e5364feb932dd8a730') in 0.332934 seconds
  Import took 0.341958 seconds .

========================================================================
Received Import Request.
  Time since last request: 3.638968 seconds.
  path: Assets/Scenes/PlayGame.unity
  artifactKey: Guid(1e39d8711d89b404d92d10aa60fece84) Importer(815301076,1909f56bfc062723c751e8b465ee728b)
Start importing Assets/Scenes/PlayGame.unity using Guid(1e39d8711d89b404d92d10aa60fece84) Importer(815301076,1909f56bfc062723c751e8b465ee728b)  -> (artifact id: '68741bf95ac3a1e6925de0b16fce0f6d') in 0.013607 seconds
  Import took 0.020008 seconds .

========================================================================
Received Import Request.
  Time since last request: 0.046851 seconds.
  path: Assets/Scenes/PlayGame.unity
  artifactKey: Guid(1e39d8711d89b404d92d10aa60fece84) Importer(815301076,1909f56bfc062723c751e8b465ee728b)
Start importing Assets/Scenes/PlayGame.unity using Guid(1e39d8711d89b404d92d10aa60fece84) Importer(815301076,1909f56bfc062723c751e8b465ee728b)  -> (artifact id: '68741bf95ac3a1e6925de0b16fce0f6d') in 0.004690 seconds
  Import took 0.012653 seconds .

========================================================================
Received Prepare
Registering precompiled user dll's ...
Registered in 0.001076 seconds.
Begin MonoManager ReloadAssembly
Native extension for WindowsStandalone target not found
Refreshing native plugins compatible for Editor in 0.89 ms, found 1 plugins.
Preloading 0 native plugins for Editor in 0.00 ms.
Invoked RoslynAnalysisRunner static constructor.
RoslynAnalysisRunner will not be running.
RoslynAnalysisRunner has terminated.
Mono: successfully reloaded assembly
- Completed reload, in  2.188 seconds
Platform modules already initialized, skipping
Refreshing native plugins compatible for Editor in 1.03 ms, found 1 plugins.
Preloading 0 native plugins for Editor in 0.00 ms.
Unloading 1767 Unused Serialized files (Serialized files now loaded: 0)
System memory in use before: 87.0 MB.
System memory in use after: 87.2 MB.

Unloading 8 unused Assets to reduce memory usage. Loaded Objects now: 2303.
Total: 6.375600 ms (FindLiveObjects: 0.601500 ms CreateObjectMapping: 0.297400 ms MarkObjects: 5.420000 ms  DeleteObjects: 0.052900 ms)

========================================================================
Received Prepare
Registering precompiled user dll's ...
Registered in 0.003934 seconds.
Begin MonoManager ReloadAssembly
Native extension for WindowsStandalone target not found
Refreshing native plugins compatible for Editor in 0.69 ms, found 1 plugins.
Preloading 0 native plugins for Editor in 0.00 ms.
Invoked RoslynAnalysisRunner static constructor.
RoslynAnalysisRunner will not be running.
RoslynAnalysisRunner has terminated.
Mono: successfully reloaded assembly
- Completed reload, in  2.206 seconds
Platform modules already initialized, skipping
Refreshing native plugins compatible for Editor in 0.70 ms, found 1 plugins.
Preloading 0 native plugins for Editor in 0.00 ms.
Unloading 1767 Unused Serialized files (Serialized files now loaded: 0)
System memory in use before: 87.2 MB.
System memory in use after: 87.3 MB.

Unloading 8 unused Assets to reduce memory usage. Loaded Objects now: 2305.
Total: 5.549300 ms (FindLiveObjects: 0.759200 ms CreateObjectMapping: 0.365700 ms MarkObjects: 4.376800 ms  DeleteObjects: 0.043600 ms)

AssetImportWorkerClient::OnTransportError - code=2 error=End of file
